worksign/build/outputs/logs/manifest-merger-debug-report.txt
-- Merging decision tree log ---
manifest
ADDED from src\main\AndroidManifest.xml:2:1-372:12
	package
		ADDED from src\main\AndroidManifest.xml:4:11-45
		INJECTED from src\main\AndroidManifest.xml
		INJECTED from src\main\AndroidManifest.xml
	android:versionName
		INJECTED from src\main\AndroidManifest.xml
		INJECTED from src\main\AndroidManifest.xml
	xmlns:tools
		ADDED from src\main\AndroidManifest.xml:3:11-57
	xmlns:android
		ADDED from src\main\AndroidManifest.xml:2:11-69
	android:versionCode
		INJECTED from src\main\AndroidManifest.xml
		INJECTED from src\main\AndroidManifest.xml
uses-sdk
ADDED from src\main\AndroidManifest.xml:6:5-8:40
MERGED from [com.android.support:appcompat-v7:24.0.0] AndroidManifest.xml:21:5-23:78
MERGED from [com.android.support:support-v4:24.0.0] AndroidManifest.xml:21:5-23:54
MERGED from [com.android.support:support-vector-drawable:24.0.0] AndroidManifest.xml:21:5-43
MERGED from [com.android.support:support-v4:24.0.0] AndroidManifest.xml:21:5-23:54
MERGED from [com.android.support:animated-vector-drawable:24.0.0] AndroidManifest.xml:20:5-44
MERGED from [com.android.support:support-vector-drawable:24.0.0] AndroidManifest.xml:21:5-43
MERGED from [com.android.support:support-v4:24.0.0] AndroidManifest.xml:21:5-23:54
MERGED from [com.zhy:autolayout:1.4.3] AndroidManifest.xml:7:5-9:41
MERGED from [com.android.support:appcompat-v7:24.0.0] AndroidManifest.xml:21:5-23:78
MERGED from [com.android.support:support-v4:24.0.0] AndroidManifest.xml:21:5-23:54
MERGED from [com.android.support:support-vector-drawable:24.0.0] AndroidManifest.xml:21:5-43
MERGED from [com.android.support:support-v4:24.0.0] AndroidManifest.xml:21:5-23:54
MERGED from [com.android.support:animated-vector-drawable:24.0.0] AndroidManifest.xml:20:5-44
MERGED from [com.android.support:support-vector-drawable:24.0.0] AndroidManifest.xml:21:5-43
MERGED from [com.android.support:support-v4:24.0.0] AndroidManifest.xml:21:5-23:54
MERGED from [com.yolanda.nohttp:nohttp:1.0.4] AndroidManifest.xml:7:5-9:41
MERGED from [com.android.support:support-v4:24.0.0] AndroidManifest.xml:21:5-23:54
MERGED from [com.wuxiaolong.pullloadmorerecyclerview:library:1.0.9] AndroidManifest.xml:7:5-9:41
MERGED from [com.android.support:appcompat-v7:24.0.0] AndroidManifest.xml:21:5-23:78
MERGED from [com.android.support:support-v4:24.0.0] AndroidManifest.xml:21:5-23:54
MERGED from [com.android.support:support-vector-drawable:24.0.0] AndroidManifest.xml:21:5-43
MERGED from [com.android.support:support-v4:24.0.0] AndroidManifest.xml:21:5-23:54
MERGED from [com.android.support:animated-vector-drawable:24.0.0] AndroidManifest.xml:20:5-44
MERGED from [com.android.support:support-vector-drawable:24.0.0] AndroidManifest.xml:21:5-43
MERGED from [com.android.support:support-v4:24.0.0] AndroidManifest.xml:21:5-23:54
MERGED from [com.android.support:recyclerview-v7:24.0.0] AndroidManifest.xml:20:5-43
MERGED from [com.android.support:support-v4:24.0.0] AndroidManifest.xml:21:5-23:54
MERGED from [AndroidWorking:library_Zxing:unspecified] AndroidManifest.xml:7:5-9:41
MERGED from [com.android.support:design:23.3.0] AndroidManifest.xml:20:5-43
MERGED from [com.android.support:appcompat-v7:24.0.0] AndroidManifest.xml:21:5-23:78
MERGED from [com.android.support:support-v4:24.0.0] AndroidManifest.xml:21:5-23:54
MERGED from [com.android.support:support-vector-drawable:24.0.0] AndroidManifest.xml:21:5-43
MERGED from [com.android.support:support-v4:24.0.0] AndroidManifest.xml:21:5-23:54
MERGED from [com.android.support:animated-vector-drawable:24.0.0] AndroidManifest.xml:20:5-44
MERGED from [com.android.support:support-vector-drawable:24.0.0] AndroidManifest.xml:21:5-43
MERGED from [com.android.support:support-v4:24.0.0] AndroidManifest.xml:21:5-23:54
MERGED from [com.android.support:support-v4:24.0.0] AndroidManifest.xml:21:5-23:54
MERGED from [com.android.support:recyclerview-v7:24.0.0] AndroidManifest.xml:20:5-43
MERGED from [com.android.support:support-v4:24.0.0] AndroidManifest.xml:21:5-23:54
	tools:overrideLibrary
		ADDED from [com.android.support:appcompat-v7:24.0.0] AndroidManifest.xml:23:9-75
	android:targetSdkVersion
		ADDED from src\main\AndroidManifest.xml:8:9-38
		INJECTED from src\main\AndroidManifest.xml
		INJECTED from src\main\AndroidManifest.xml
	android:minSdkVersion
		ADDED from src\main\AndroidManifest.xml:7:9-34
		INJECTED from src\main\AndroidManifest.xml
		INJECTED from src\main\AndroidManifest.xml
uses-permission#android.permission.INTERNET
ADDED from src\main\AndroidManifest.xml:11:5-66
MERGED from [com.yolanda.nohttp:nohttp:1.0.4] AndroidManifest.xml:14:5-67
	android:name
		ADDED from src\main\AndroidManifest.xml:11:22-64
uses-permission#android.permission.CALL_PHONE
ADDED from src\main\AndroidManifest.xml:12:5-68
	android:name
		ADDED from src\main\AndroidManifest.xml:12:22-66
uses-permission#android.permission.READ_EXTERNAL_STORAGE
ADDED from src\main\AndroidManifest.xml:13:5-79
MERGED from [com.yolanda.nohttp:nohttp:1.0.4] AndroidManifest.xml:11:5-80
	android:name
		ADDED from src\main\AndroidManifest.xml:13:22-77
uses-permission#android.permission.ACCESS_COARSE_LOCATION
ADDED from src\main\AndroidManifest.xml:15:5-80
	android:name
		ADDED from src\main\AndroidManifest.xml:15:22-78
uses-permission#android.permission.ACCESS_FINE_LOCATION
ADDED from src\main\AndroidManifest.xml:17:5-78
	android:name
		ADDED from src\main\AndroidManifest.xml:17:22-76
uses-permission#android.permission.ACCESS_WIFI_STATE
ADDED from src\main\AndroidManifest.xml:19:5-75
MERGED from [com.yolanda.nohttp:nohttp:1.0.4] AndroidManifest.xml:19:5-76
	android:name
		ADDED from src\main\AndroidManifest.xml:19:22-73
uses-permission#android.permission.ACCESS_NETWORK_STATE
ADDED from src\main\AndroidManifest.xml:21:5-78
MERGED from [com.yolanda.nohttp:nohttp:1.0.4] AndroidManifest.xml:15:5-79
	android:name
		ADDED from src\main\AndroidManifest.xml:21:22-76
uses-permission#android.permission.CHANGE_WIFI_STATE
ADDED from src\main\AndroidManifest.xml:23:5-75
MERGED from [com.yolanda.nohttp:nohttp:1.0.4] AndroidManifest.xml:17:5-76
	android:name
		ADDED from src\main\AndroidManifest.xml:23:22-73
uses-permission#android.permission.READ_PHONE_STATE
ADDED from src\main\AndroidManifest.xml:25:5-74
	android:name
		ADDED from src\main\AndroidManifest.xml:25:22-72
uses-permission#android.permission.WRITE_EXTERNAL_STORAGE
ADDED from src\main\AndroidManifest.xml:27:5-80
MERGED from [com.yolanda.nohttp:nohttp:1.0.4] AndroidManifest.xml:12:5-81
	android:name
		ADDED from src\main\AndroidManifest.xml:27:22-78
uses-permission#android.permission.MOUNT_UNMOUNT_FILESYSTEMS
ADDED from src\main\AndroidManifest.xml:31:5-83
MERGED from [com.yolanda.nohttp:nohttp:1.0.4] AndroidManifest.xml:13:5-84
	android:name
		ADDED from src\main\AndroidManifest.xml:31:22-81
uses-permission#android.permission.READ_CONTACTS
ADDED from src\main\AndroidManifest.xml:32:5-72
	android:name
		ADDED from src\main\AndroidManifest.xml:32:22-69
uses-permission#android.permission.WAKE_LOCK
ADDED from src\main\AndroidManifest.xml:38:5-67
	android:name
		ADDED from src\main\AndroidManifest.xml:38:22-65
uses-permission#android.permission.RECEIVE_BOOT_COMPLETED
ADDED from src\main\AndroidManifest.xml:39:5-80
	android:name
		ADDED from src\main\AndroidManifest.xml:39:22-78
uses-permission#android.permission.VIBRATE
ADDED from src\main\AndroidManifest.xml:41:5-65
MERGED from [AndroidWorking:library_Zxing:unspecified] AndroidManifest.xml:12:5-66
	android:name
		ADDED from src\main\AndroidManifest.xml:41:22-63
uses-permission#android.permission.GET_TASKS
ADDED from src\main\AndroidManifest.xml:42:5-67
	android:name
		ADDED from src\main\AndroidManifest.xml:42:22-65
uses-permission#android.permission.BLUETOOTH
ADDED from src\main\AndroidManifest.xml:45:5-67
	android:name
		ADDED from src\main\AndroidManifest.xml:45:22-65
uses-permission#android.permission.BLUETOOTH_ADMIN
ADDED from src\main\AndroidManifest.xml:46:5-73
	android:name
		ADDED from src\main\AndroidManifest.xml:46:22-71
uses-permission#android.permission.SYSTEM_ALERT_WINDOW
ADDED from src\main\AndroidManifest.xml:51:5-77
	android:name
		ADDED from src\main\AndroidManifest.xml:51:22-75
uses-permission#getui.permission.GetuiService.com.luofang.worksign
ADDED from src\main\AndroidManifest.xml:53:5-89
	android:name
		ADDED from src\main\AndroidManifest.xml:53:22-87
permission#getui.permission.GetuiService.com.luofangyun.shangchao
ADDED from src\main\AndroidManifest.xml:55:5-58:18
	android:protectionLevel
		ADDED from src\main\AndroidManifest.xml:57:9-41
	android:name
		ADDED from src\main\AndroidManifest.xml:56:9-78
uses-permission#android.permission.NFC
ADDED from src\main\AndroidManifest.xml:60:5-61
	android:name
		ADDED from src\main\AndroidManifest.xml:60:22-59
uses-permission#android.permission.BIND_NFC_SERVICE
ADDED from src\main\AndroidManifest.xml:61:5-74
	android:name
		ADDED from src\main\AndroidManifest.xml:61:22-72
application
ADDED from src\main\AndroidManifest.xml:63:5-370:19
MERGED from [com.android.support:appcompat-v7:24.0.0] AndroidManifest.xml:25:5-20
MERGED from [com.android.support:support-v4:24.0.0] AndroidManifest.xml:25:5-20
MERGED from [com.android.support:support-vector-drawable:24.0.0] AndroidManifest.xml:23:5-20
MERGED from [com.android.support:support-v4:24.0.0] AndroidManifest.xml:25:5-20
MERGED from [com.android.support:animated-vector-drawable:24.0.0] AndroidManifest.xml:22:5-20
MERGED from [com.android.support:support-vector-drawable:24.0.0] AndroidManifest.xml:23:5-20
MERGED from [com.android.support:support-v4:24.0.0] AndroidManifest.xml:25:5-20
MERGED from [com.zhy:autolayout:1.4.3] AndroidManifest.xml:11:5-14:19
MERGED from [com.android.support:appcompat-v7:24.0.0] AndroidManifest.xml:25:5-20
MERGED from [com.android.support:support-v4:24.0.0] AndroidManifest.xml:25:5-20
MERGED from [com.android.support:support-vector-drawable:24.0.0] AndroidManifest.xml:23:5-20
MERGED from [com.android.support:support-v4:24.0.0] AndroidManifest.xml:25:5-20
MERGED from [com.android.support:animated-vector-drawable:24.0.0] AndroidManifest.xml:22:5-20
MERGED from [com.android.support:support-vector-drawable:24.0.0] AndroidManifest.xml:23:5-20
MERGED from [com.android.support:support-v4:24.0.0] AndroidManifest.xml:25:5-20
MERGED from [com.android.support:support-v4:24.0.0] AndroidManifest.xml:25:5-20
MERGED from [com.wuxiaolong.pullloadmorerecyclerview:library:1.0.9] AndroidManifest.xml:11:5-47
MERGED from [com.android.support:appcompat-v7:24.0.0] AndroidManifest.xml:25:5-20
MERGED from [com.android.support:support-v4:24.0.0] AndroidManifest.xml:25:5-20
MERGED from [com.android.support:support-vector-drawable:24.0.0] AndroidManifest.xml:23:5-20
MERGED from [com.android.support:support-v4:24.0.0] AndroidManifest.xml:25:5-20
MERGED from [com.android.support:animated-vector-drawable:24.0.0] AndroidManifest.xml:22:5-20
MERGED from [com.android.support:support-vector-drawable:24.0.0] AndroidManifest.xml:23:5-20
MERGED from [com.android.support:support-v4:24.0.0] AndroidManifest.xml:25:5-20
MERGED from [com.android.support:support-v4:24.0.0] AndroidManifest.xml:25:5-20
MERGED from [AndroidWorking:library_Zxing:unspecified] AndroidManifest.xml:19:5-32:19
MERGED from [com.android.support:design:23.3.0] AndroidManifest.xml:22:5-20
MERGED from [com.android.support:appcompat-v7:24.0.0] AndroidManifest.xml:25:5-20
MERGED from [com.android.support:support-v4:24.0.0] AndroidManifest.xml:25:5-20
MERGED from [com.android.support:support-vector-drawable:24.0.0] AndroidManifest.xml:23:5-20
MERGED from [com.android.support:support-v4:24.0.0] AndroidManifest.xml:25:5-20
MERGED from [com.android.support:animated-vector-drawable:24.0.0] AndroidManifest.xml:22:5-20
MERGED from [com.android.support:support-vector-drawable:24.0.0] AndroidManifest.xml:23:5-20
MERGED from [com.android.support:support-v4:24.0.0] AndroidManifest.xml:25:5-20
MERGED from [com.android.support:support-v4:24.0.0] AndroidManifest.xml:25:5-20
MERGED from [com.android.support:support-v4:24.0.0] AndroidManifest.xml:25:5-20
	android:label
		ADDED from src\main\AndroidManifest.xml:67:9-41
	android:supportsRtl
		ADDED from src\main\AndroidManifest.xml:69:9-35
	android:allowBackup
		ADDED from src\main\AndroidManifest.xml:65:9-35
	android:icon
		ADDED from src\main\AndroidManifest.xml:66:9-36
		REJECTED from [AndroidWorking:library_Zxing:unspecified] AndroidManifest.xml:21:9-45
	android:persistent
		ADDED from src\main\AndroidManifest.xml:68:9-34
	android:theme
		ADDED from src\main\AndroidManifest.xml:70:9-40
	tools:replace
		ADDED from src\main\AndroidManifest.xml:71:9-37
	android:name
		ADDED from src\main\AndroidManifest.xml:64:9-43
meta-data#com.baidu.lbsapi.API_KEY
ADDED from src\main\AndroidManifest.xml:72:9-74:63
	android:value
		ADDED from src\main\AndroidManifest.xml:74:13-61
	android:name
		ADDED from src\main\AndroidManifest.xml:73:13-52
meta-data#PUSH_APPID
ADDED from src\main\AndroidManifest.xml:77:9-79:53
	android:value
		ADDED from src\main\AndroidManifest.xml:79:13-51
	android:name
		ADDED from src\main\AndroidManifest.xml:78:13-38
meta-data#PUSH_APPKEY
ADDED from src\main\AndroidManifest.xml:80:9-82:53
	android:value
		ADDED from src\main\AndroidManifest.xml:82:13-51
	android:name
		ADDED from src\main\AndroidManifest.xml:81:13-39
meta-data#PUSH_APPSECRET
ADDED from src\main\AndroidManifest.xml:83:9-85:53
	android:value
		ADDED from src\main\AndroidManifest.xml:85:13-51
	android:name
		ADDED from src\main\AndroidManifest.xml:84:13-42
activity#com.luofangyun.shangchao.activity.message.SplashActivity
ADDED from src\main\AndroidManifest.xml:86:9-93:20
	android:theme
		ADDED from src\main\AndroidManifest.xml:87:13-48
	android:name
		ADDED from src\main\AndroidManifest.xml:86:19-66
intent-filter#android.intent.action.MAIN+android.intent.category.LAUNCHER
ADDED from src\main\AndroidManifest.xml:88:13-92:29
action#android.intent.action.MAIN
ADDED from src\main\AndroidManifest.xml:89:17-68
	android:name
		ADDED from src\main\AndroidManifest.xml:89:25-66
category#android.intent.category.LAUNCHER
ADDED from src\main\AndroidManifest.xml:91:17-76
	android:name
		ADDED from src\main\AndroidManifest.xml:91:27-74
service#com.igexin.sdk.PushService
ADDED from src\main\AndroidManifest.xml:95:9-103:19
	android:process
		ADDED from src\main\AndroidManifest.xml:99:13-43
	android:label
		ADDED from src\main\AndroidManifest.xml:98:13-47
	android:exported
		ADDED from src\main\AndroidManifest.xml:97:13-36
	android:name
		ADDED from src\main\AndroidManifest.xml:96:13-54
intent-filter#com.igexin.sdk.action.service.message
ADDED from src\main\AndroidManifest.xml:100:13-102:29
action#com.igexin.sdk.action.service.message
ADDED from src\main\AndroidManifest.xml:101:17-79
	android:name
		ADDED from src\main\AndroidManifest.xml:101:25-77
service#com.yunliwuli.beacon.kit.service.UartService
ADDED from src\main\AndroidManifest.xml:104:9-79
	android:name
		ADDED from src\main\AndroidManifest.xml:104:18-77
service#com.igexin.sdk.PushServiceUser
ADDED from src\main\AndroidManifest.xml:105:9-108:53
	android:label
		ADDED from src\main\AndroidManifest.xml:108:13-51
	android:exported
		ADDED from src\main\AndroidManifest.xml:107:13-36
	android:name
		ADDED from src\main\AndroidManifest.xml:106:13-58
receiver#com.igexin.sdk.PushReceiver
ADDED from src\main\AndroidManifest.xml:110:9-121:20
	android:name
		ADDED from src\main\AndroidManifest.xml:110:19-61
intent-filter#android.intent.action.ACTION_POWER_CONNECTED+android.intent.action.ACTION_POWER_DISCONNECTED+android.intent.action.BOOT_COMPLETED+android.intent.action.MEDIA_MOUNTED+android.intent.action.USER_PRESENT+android.net.conn.CONNECTIVITY_CHANGE+com.igexin.sdk.action.refreshls
ADDED from src\main\AndroidManifest.xml:111:13-120:29
action#android.intent.action.BOOT_COMPLETED
ADDED from src\main\AndroidManifest.xml:112:17-78
	android:name
		ADDED from src\main\AndroidManifest.xml:112:25-76
action#android.net.conn.CONNECTIVITY_CHANGE
ADDED from src\main\AndroidManifest.xml:113:17-78
	android:name
		ADDED from src\main\AndroidManifest.xml:113:25-76
action#android.intent.action.USER_PRESENT
ADDED from src\main\AndroidManifest.xml:114:17-76
	android:name
		ADDED from src\main\AndroidManifest.xml:114:25-74
action#com.igexin.sdk.action.refreshls
ADDED from src\main\AndroidManifest.xml:115:17-73
	android:name
		ADDED from src\main\AndroidManifest.xml:115:25-71
action#android.intent.action.MEDIA_MOUNTED
ADDED from src\main\AndroidManifest.xml:117:17-77
	android:name
		ADDED from src\main\AndroidManifest.xml:117:25-75
action#android.intent.action.ACTION_POWER_CONNECTED
ADDED from src\main\AndroidManifest.xml:118:17-86
	android:name
		ADDED from src\main\AndroidManifest.xml:118:25-84
action#android.intent.action.ACTION_POWER_DISCONNECTED
ADDED from src\main\AndroidManifest.xml:119:17-89
	android:name
		ADDED from src\main\AndroidManifest.xml:119:25-87
receiver#com.igexin.sdk.PushManagerReceiver
ADDED from src\main\AndroidManifest.xml:122:9-128:20
	android:exported
		ADDED from src\main\AndroidManifest.xml:124:13-37
	android:name
		ADDED from src\main\AndroidManifest.xml:123:13-62
intent-filter#com.igexin.sdk.action.pushmanager
ADDED from src\main\AndroidManifest.xml:125:13-127:29
action#com.igexin.sdk.action.pushmanager
ADDED from src\main\AndroidManifest.xml:126:17-75
	android:name
		ADDED from src\main\AndroidManifest.xml:126:25-73
activity#com.igexin.sdk.PushActivity
ADDED from src\main\AndroidManifest.xml:130:9-136:74
	android:process
		ADDED from src\main\AndroidManifest.xml:134:13-43
	android:excludeFromRecents
		ADDED from src\main\AndroidManifest.xml:132:13-46
	android:exported
		ADDED from src\main\AndroidManifest.xml:133:13-37
	android:theme
		ADDED from src\main\AndroidManifest.xml:136:13-72
	android:taskAffinity
		ADDED from src\main\AndroidManifest.xml:135:13-67
	android:name
		ADDED from src\main\AndroidManifest.xml:131:13-55
activity#com.igexin.sdk.GActivity
ADDED from src\main\AndroidManifest.xml:137:9-143:74
	android:process
		ADDED from src\main\AndroidManifest.xml:141:13-43
	android:excludeFromRecents
		ADDED from src\main\AndroidManifest.xml:139:13-46
	android:exported
		ADDED from src\main\AndroidManifest.xml:140:13-36
	android:theme
		ADDED from src\main\AndroidManifest.xml:143:13-72
	android:taskAffinity
		ADDED from src\main\AndroidManifest.xml:142:13-67
	android:name
		ADDED from src\main\AndroidManifest.xml:138:13-52
service#com.igexin.download.DownloadService
ADDED from src\main\AndroidManifest.xml:145:9-147:45
	android:process
		ADDED from src\main\AndroidManifest.xml:147:13-43
	android:name
		ADDED from src\main\AndroidManifest.xml:146:13-63
receiver#com.igexin.download.DownloadReceiver
ADDED from src\main\AndroidManifest.xml:149:9-153:20
	android:name
		ADDED from src\main\AndroidManifest.xml:149:19-70
intent-filter#android.net.conn.CONNECTIVITY_CHANGE
ADDED from src\main\AndroidManifest.xml:150:13-152:29
receiver#com.luofangyun.shangchao.receiver.PushDemoReceiver
ADDED from src\main\AndroidManifest.xml:156:9-164:20
	android:exported
		ADDED from src\main\AndroidManifest.xml:158:13-37
	android:name
		ADDED from src\main\AndroidManifest.xml:157:13-54
intent-filter#com.igexin.sdk.action.HZLp2X9MSU9fAHzvvbhEl1
ADDED from src\main\AndroidManifest.xml:159:13-163:29
action#com.igexin.sdk.action.HZLp2X9MSU9fAHzvvbhEl1
ADDED from src\main\AndroidManifest.xml:162:17-86
	android:name
		ADDED from src\main\AndroidManifest.xml:162:25-84
receiver#com.igexin.getuiext.service.PayloadReceiver
ADDED from src\main\AndroidManifest.xml:165:9-172:20
	android:exported
		ADDED from src\main\AndroidManifest.xml:167:13-37
	android:name
		ADDED from src\main\AndroidManifest.xml:166:13-71
intent-filter#com.igexin.sdk.action.7fjUl2Z3LH6xYy7NQK4ni4+com.igexin.sdk.action.HZLp2X9MSU9fAHzvvbhEl1
ADDED from src\main\AndroidManifest.xml:168:13-171:29
action#com.igexin.sdk.action.7fjUl2Z3LH6xYy7NQK4ni4
ADDED from src\main\AndroidManifest.xml:169:17-86
	android:name
		ADDED from src\main\AndroidManifest.xml:169:25-84
service#com.igexin.getuiext.service.GetuiExtService
ADDED from src\main\AndroidManifest.xml:174:9-176:45
	android:process
		ADDED from src\main\AndroidManifest.xml:176:13-43
	android:name
		ADDED from src\main\AndroidManifest.xml:175:13-71
provider#com.igexin.download.DownloadProvider
ADDED from src\main\AndroidManifest.xml:178:9-182:45
	android:authorities
		ADDED from src\main\AndroidManifest.xml:180:13-69
	android:process
		ADDED from src\main\AndroidManifest.xml:182:13-43
	android:exported
		ADDED from src\main\AndroidManifest.xml:181:13-36
	android:name
		ADDED from src\main\AndroidManifest.xml:179:13-64
activity#com.luofangyun.shangchao.activity.MainActivity
ADDED from src\main\AndroidManifest.xml:183:9-184:20
	android:name
		ADDED from src\main\AndroidManifest.xml:183:19-56
activity#com.luofangyun.shangchao.activity.app.PatrolRecordPunchActivty
ADDED from src\main\AndroidManifest.xml:185:9-186:20
	android:name
		ADDED from src\main\AndroidManifest.xml:185:19-72
activity#com.luofangyun.shangchao.activity.app.PatrolRecordDetailActivity
ADDED from src\main\AndroidManifest.xml:187:9-188:20
	android:name
		ADDED from src\main\AndroidManifest.xml:187:19-74
activity#com.luofangyun.shangchao.activity.app.SetPatrolPeopleActivity
ADDED from src\main\AndroidManifest.xml:189:9-190:20
	android:name
		ADDED from src\main\AndroidManifest.xml:189:19-71
activity#com.luofangyun.shangchao.activity.app.SetPatrolLineActivity
ADDED from src\main\AndroidManifest.xml:191:9-192:20
	android:name
		ADDED from src\main\AndroidManifest.xml:191:19-69
activity#com.luofangyun.shangchao.activity.message.JoinTeamActivty
ADDED from src\main\AndroidManifest.xml:193:9-194:20
	android:name
		ADDED from src\main\AndroidManifest.xml:193:19-67
activity#com.luofangyun.shangchao.activity.app.MeetingPeopleActivity
ADDED from src\main\AndroidManifest.xml:195:9-196:20
	android:name
		ADDED from src\main\AndroidManifest.xml:195:19-69
activity#com.luofangyun.shangchao.activity.app.AddNFCTagActivity
ADDED from src\main\AndroidManifest.xml:197:9-198:20
	android:name
		ADDED from src\main\AndroidManifest.xml:197:19-65
activity#com.luofangyun.shangchao.activity.app.AddPatrolPointActivity
ADDED from src\main\AndroidManifest.xml:199:9-200:20
	android:name
		ADDED from src\main\AndroidManifest.xml:199:19-70
activity#com.luofangyun.shangchao.activity.addresslist.AddressListActivity
ADDED from src\main\AndroidManifest.xml:201:9-202:20
	android:name
		ADDED from src\main\AndroidManifest.xml:201:19-75
activity#com.luofangyun.shangchao.activity.app.AddPatrolLineEmplayeeActivity
ADDED from src\main\AndroidManifest.xml:203:9-204:20
	android:name
		ADDED from src\main\AndroidManifest.xml:203:19-77
activity#com.luofangyun.shangchao.activity.app.AddPatrolLineActivity
ADDED from src\main\AndroidManifest.xml:205:9-206:20
	android:name
		ADDED from src\main\AndroidManifest.xml:205:19-69
activity#com.luofangyun.shangchao.activity.message.UserEnterActivity
ADDED from src\main\AndroidManifest.xml:207:9-208:20
	android:name
		ADDED from src\main\AndroidManifest.xml:207:19-69
activity#com.luofangyun.shangchao.activity.message.UserLoginActivity
ADDED from src\main\AndroidManifest.xml:209:9-210:20
	android:name
		ADDED from src\main\AndroidManifest.xml:209:19-69
activity#com.luofangyun.shangchao.activity.message.forgetPasswordActivity
ADDED from src\main\AndroidManifest.xml:211:9-212:20
	android:name
		ADDED from src\main\AndroidManifest.xml:211:19-74
activity#com.luofangyun.shangchao.activity.message.AreaActivity
ADDED from src\main\AndroidManifest.xml:213:9-214:20
	android:name
		ADDED from src\main\AndroidManifest.xml:213:19-64
activity#com.luofangyun.shangchao.activity.message.TimeActivity
ADDED from src\main\AndroidManifest.xml:215:9-216:20
	android:name
		ADDED from src\main\AndroidManifest.xml:215:19-64
activity#com.luofangyun.shangchao.activity.message.FindPasswordActivity
ADDED from src\main\AndroidManifest.xml:217:9-218:20
	android:name
		ADDED from src\main\AndroidManifest.xml:217:19-72
activity#com.luofangyun.shangchao.activity.app.MeetingActivity
ADDED from src\main\AndroidManifest.xml:219:9-220:20
	android:name
		ADDED from src\main\AndroidManifest.xml:219:19-63
activity#com.luofangyun.shangchao.activity.message.SystemPartData
ADDED from src\main\AndroidManifest.xml:221:9-222:20
	android:name
		ADDED from src\main\AndroidManifest.xml:221:19-66
activity#com.luofangyun.shangchao.activity.message.ConfirmActivity
ADDED from src\main\AndroidManifest.xml:223:9-224:20
	android:name
		ADDED from src\main\AndroidManifest.xml:223:19-67
activity#com.luofangyun.shangchao.activity.MyCaptureActivity
ADDED from src\main\AndroidManifest.xml:225:9-226:20
	android:name
		ADDED from src\main\AndroidManifest.xml:225:19-61
meta-data#design_width
ADDED from src\main\AndroidManifest.xml:227:9-230:21
	android:value
		ADDED from src\main\AndroidManifest.xml:229:13-32
	android:name
		ADDED from src\main\AndroidManifest.xml:228:13-40
meta-data#design_height
ADDED from src\main\AndroidManifest.xml:231:9-234:21
	android:value
		ADDED from src\main\AndroidManifest.xml:233:13-33
	android:name
		ADDED from src\main\AndroidManifest.xml:232:13-41
activity#com.luofangyun.shangchao.activity.message.RegistSucess
ADDED from src\main\AndroidManifest.xml:236:9-237:20
	android:name
		ADDED from src\main\AndroidManifest.xml:236:19-64
activity#com.luofangyun.shangchao.activity.message.SignActivity
ADDED from src\main\AndroidManifest.xml:238:9-239:20
	android:name
		ADDED from src\main\AndroidManifest.xml:238:19-64
activity#com.luofangyun.shangchao.activity.app.ClassActivity
ADDED from src\main\AndroidManifest.xml:240:9-241:20
	android:name
		ADDED from src\main\AndroidManifest.xml:240:19-61
activity#com.luofangyun.shangchao.activity.message.NewAddActivity
ADDED from src\main\AndroidManifest.xml:242:9-243:20
	android:name
		ADDED from src\main\AndroidManifest.xml:242:19-66
activity#com.luofangyun.shangchao.activity.message.DeleteClassActivity
ADDED from src\main\AndroidManifest.xml:244:9-245:20
	android:name
		ADDED from src\main\AndroidManifest.xml:244:19-71
activity#com.luofangyun.shangchao.activity.addresslist.CorporActivity
ADDED from src\main\AndroidManifest.xml:246:9-247:20
	android:name
		ADDED from src\main\AndroidManifest.xml:246:19-70
activity#com.luofangyun.shangchao.base.BaseActivity
ADDED from src\main\AndroidManifest.xml:248:9-249:20
	android:name
		ADDED from src\main\AndroidManifest.xml:248:19-52
activity#com.luofangyun.shangchao.activity.addresslist.AddEmplActivity
ADDED from src\main\AndroidManifest.xml:250:9-251:20
	android:name
		ADDED from src\main\AndroidManifest.xml:250:19-71
activity#com.luofangyun.shangchao.activity.addresslist.CorporBranchActivity1
ADDED from src\main\AndroidManifest.xml:252:9-253:20
	android:name
		ADDED from src\main\AndroidManifest.xml:252:19-77
activity#com.luofangyun.shangchao.activity.addresslist.AddBranchActivity
ADDED from src\main\AndroidManifest.xml:254:9-255:20
	android:name
		ADDED from src\main\AndroidManifest.xml:254:19-73
activity#com.luofangyun.shangchao.activity.addresslist.EditBranchActivity
ADDED from src\main\AndroidManifest.xml:256:9-257:20
	android:name
		ADDED from src\main\AndroidManifest.xml:256:19-74
activity#com.luofangyun.shangchao.activity.addresslist.IndiviInfoActivity
ADDED from src\main\AndroidManifest.xml:258:9-259:20
	android:name
		ADDED from src\main\AndroidManifest.xml:258:19-74
activity#com.luofangyun.shangchao.activity.app.EmpOvertimeActivity
ADDED from src\main\AndroidManifest.xml:260:9-261:20
	android:name
		ADDED from src\main\AndroidManifest.xml:260:19-67
activity#com.luofangyun.shangchao.activity.app.EmpVisitActivity
ADDED from src\main\AndroidManifest.xml:262:9-263:20
	android:name
		ADDED from src\main\AndroidManifest.xml:262:19-64
activity#com.luofangyun.shangchao.activity.app.WriteAfficheActivity
ADDED from src\main\AndroidManifest.xml:264:9-265:20
	android:name
		ADDED from src\main\AndroidManifest.xml:264:19-68
activity#com.luofangyun.shangchao.activity.maself.PersonalDataActivity
ADDED from src\main\AndroidManifest.xml:266:9-267:20
	android:name
		ADDED from src\main\AndroidManifest.xml:266:19-71
activity#com.luofangyun.shangchao.activity.maself.companyProfileActivity
ADDED from src\main\AndroidManifest.xml:268:9-269:20
	android:name
		ADDED from src\main\AndroidManifest.xml:268:19-73
activity#com.luofangyun.shangchao.activity.addresslist.CompanyAdd
ADDED from src\main\AndroidManifest.xml:270:9-271:20
	android:name
		ADDED from src\main\AndroidManifest.xml:270:19-66
activity#com.luofangyun.shangchao.activity.addresslist.CompanyAccede
ADDED from src\main\AndroidManifest.xml:272:9-273:20
	android:name
		ADDED from src\main\AndroidManifest.xml:272:19-69
activity#com.luofangyun.shangchao.activity.addresslist.CorporBranchActivity
ADDED from src\main\AndroidManifest.xml:274:9-275:20
	android:name
		ADDED from src\main\AndroidManifest.xml:274:19-76
activity#com.luofangyun.shangchao.activity.addresslist.CompanyApply
ADDED from src\main\AndroidManifest.xml:276:9-277:20
	android:name
		ADDED from src\main\AndroidManifest.xml:276:19-68
activity#com.luofangyun.shangchao.activity.message.messageWork
ADDED from src\main\AndroidManifest.xml:278:9-279:20
	android:name
		ADDED from src\main\AndroidManifest.xml:278:19-63
activity#com.luofangyun.shangchao.activity.message.affichePartData
ADDED from src\main\AndroidManifest.xml:280:9-281:20
	android:name
		ADDED from src\main\AndroidManifest.xml:280:19-67
activity#com.luofangyun.shangchao.activity.message.MessageSystem
ADDED from src\main\AndroidManifest.xml:282:9-283:20
	android:name
		ADDED from src\main\AndroidManifest.xml:282:19-65
activity#com.luofangyun.shangchao.activity.app.WorkActivity
ADDED from src\main\AndroidManifest.xml:284:9-285:20
	android:name
		ADDED from src\main\AndroidManifest.xml:284:19-60
activity#com.luofangyun.shangchao.activity.app.LeaveActivity
ADDED from src\main\AndroidManifest.xml:286:9-287:20
	android:name